[debug] [2022-08-04T02:36:13.532Z] ----------------------------------------------------------------------
[debug] [2022-08-04T02:36:13.535Z] Command:       C:\Program Files\nodejs\node.exe C:\Users\lawli\AppData\Roaming\npm\node_modules\firebase-tools\lib\bin\firebase.js init
[debug] [2022-08-04T02:36:13.536Z] CLI Version:   11.4.2
[debug] [2022-08-04T02:36:13.536Z] Platform:      win32
[debug] [2022-08-04T02:36:13.536Z] Node Version:  v16.14.2
[debug] [2022-08-04T02:36:13.539Z] Time:          Wed Aug 03 2022 19:36:13 GMT-0700 (Mountain Standard Time)
[debug] [2022-08-04T02:36:13.540Z] ----------------------------------------------------------------------
[debug] 
[debug] [2022-08-04T02:36:13.546Z] >>> [apiv2][query] GET https://firebase-public.firebaseio.com/cli.json [none]
[debug] [2022-08-04T02:36:13.613Z] > command requires scopes: ["email","openid","https://www.googleapis.com/auth/cloudplatformprojects.readonly","https://www.googleapis.com/auth/firebase","https://www.googleapis.com/auth/cloud-platform"]
[debug] [2022-08-04T02:36:13.614Z] > authorizing via signed-in user (scorumfans@gmail.com)
[info] 
     ######## #### ########  ######## ########     ###     ######  ########
     ##        ##  ##     ## ##       ##     ##  ##   ##  ##       ##
     ######    ##  ########  ######   ########  #########  ######  ######
     ##        ##  ##    ##  ##       ##     ## ##     ##       ## ##
     ##       #### ##     ## ######## ########  ##     ##  ######  ########

You're about to initialize a Firebase project in this directory:

  C:\Users\lawli\Documents\Takeo BootCamp\firebaseApp\Task-manager-main\Task-manager-main

[debug] [2022-08-04T02:36:13.868Z] <<< [apiv2][status] GET https://firebase-public.firebaseio.com/cli.json 200
[debug] [2022-08-04T02:36:13.869Z] <<< [apiv2][body] GET https://firebase-public.firebaseio.com/cli.json {"cloudBuildErrorAfter":1594252800000,"cloudBuildWarnAfter":1590019200000,"defaultNode10After":1594252800000,"minVersion":"3.0.5","node8DeploysDisabledAfter":1613390400000,"node8RuntimeDisabledAfter":1615809600000,"node8WarnAfter":1600128000000}
[info] 
=== Project Setup
[info] 
[info] First, let's associate this project directory with a Firebase project.
[info] You can create multiple project aliases by running firebase use --add, 
[info] but for now we'll just set up a default project.
[info] 
[debug] [2022-08-04T02:38:12.361Z] > refreshing access token with scopes: []
[debug] [2022-08-04T02:38:12.362Z] >>> [apiv2][query] POST https://www.googleapis.com/oauth2/v3/token [none]
[debug] [2022-08-04T02:38:12.362Z] >>> [apiv2][body] POST https://www.googleapis.com/oauth2/v3/token [omitted]
[debug] [2022-08-04T02:38:12.528Z] <<< [apiv2][status] POST https://www.googleapis.com/oauth2/v3/token 200
[debug] [2022-08-04T02:38:12.529Z] <<< [apiv2][body] POST https://www.googleapis.com/oauth2/v3/token [omitted]
[debug] [2022-08-04T02:38:12.552Z] >>> [apiv2][query] GET https://firebase.googleapis.com/v1beta1/projects pageSize=100
[debug] [2022-08-04T02:38:13.040Z] <<< [apiv2][status] GET https://firebase.googleapis.com/v1beta1/projects 200
[debug] [2022-08-04T02:38:13.041Z] <<< [apiv2][body] GET https://firebase.googleapis.com/v1beta1/projects [omitted]
[info] i  Using project coveredcall-4d8ef (coveredcall) 
[info] 
=== Database Setup
[info] i  database: ensuring required API firebasedatabase.googleapis.com is enabled... 
[debug] [2022-08-04T02:38:16.038Z] >>> [apiv2][query] GET https://serviceusage.googleapis.com/v1/projects/coveredcall-4d8ef/services/firebasedatabase.googleapis.com [none]
[debug] [2022-08-04T02:38:16.553Z] <<< [apiv2][status] GET https://serviceusage.googleapis.com/v1/projects/coveredcall-4d8ef/services/firebasedatabase.googleapis.com 200
[debug] [2022-08-04T02:38:16.554Z] <<< [apiv2][body] GET https://serviceusage.googleapis.com/v1/projects/coveredcall-4d8ef/services/firebasedatabase.googleapis.com [omitted]
[warn] !  database: missing required API firebasedatabase.googleapis.com. Enabling now... 
[debug] [2022-08-04T02:38:16.555Z] >>> [apiv2][query] POST https://serviceusage.googleapis.com/v1/projects/coveredcall-4d8ef/services/firebasedatabase.googleapis.com:enable [none]
[debug] [2022-08-04T02:38:17.291Z] <<< [apiv2][status] POST https://serviceusage.googleapis.com/v1/projects/coveredcall-4d8ef/services/firebasedatabase.googleapis.com:enable 200
[debug] [2022-08-04T02:38:17.291Z] <<< [apiv2][body] POST https://serviceusage.googleapis.com/v1/projects/coveredcall-4d8ef/services/firebasedatabase.googleapis.com:enable [omitted]
[debug] [2022-08-04T02:38:27.293Z] >>> [apiv2][query] GET https://serviceusage.googleapis.com/v1/projects/coveredcall-4d8ef/services/firebasedatabase.googleapis.com [none]
[debug] [2022-08-04T02:38:27.735Z] <<< [apiv2][status] GET https://serviceusage.googleapis.com/v1/projects/coveredcall-4d8ef/services/firebasedatabase.googleapis.com 200
[debug] [2022-08-04T02:38:27.735Z] <<< [apiv2][body] GET https://serviceusage.googleapis.com/v1/projects/coveredcall-4d8ef/services/firebasedatabase.googleapis.com [omitted]
[info] +  database: required API firebasedatabase.googleapis.com is enabled 
[info] 
[debug] [2022-08-04T02:38:27.741Z] >>> [apiv2][query] GET https://firebase.googleapis.com/v1beta1/projects/coveredcall-4d8ef [none]
[debug] [2022-08-04T02:38:28.175Z] <<< [apiv2][status] GET https://firebase.googleapis.com/v1beta1/projects/coveredcall-4d8ef 200
[debug] [2022-08-04T02:38:28.176Z] <<< [apiv2][body] GET https://firebase.googleapis.com/v1beta1/projects/coveredcall-4d8ef {"projectId":"coveredcall-4d8ef","projectNumber":"559583776109","displayName":"coveredcall","name":"projects/coveredcall-4d8ef","resources":{"hostingSite":"coveredcall-4d8ef","storageBucket":"coveredcall-4d8ef.appspot.com","locationId":"us-central"},"state":"ACTIVE","etag":"1_0e643c99-ee6d-4d09-b9a9-40d12beb0b99"}
[debug] [2022-08-04T02:38:37.047Z] >>> [apiv2][query] POST https://firebasedatabase.googleapis.com/v1beta/projects/coveredcall-4d8ef/locations/us-central1/instances databaseId=coveredcall-4d8ef-default-rtdb&validateOnly=true
[debug] [2022-08-04T02:38:37.048Z] >>> [apiv2][body] POST https://firebasedatabase.googleapis.com/v1beta/projects/coveredcall-4d8ef/locations/us-central1/instances {"type":"default_database"}
[debug] [2022-08-04T02:38:37.630Z] <<< [apiv2][status] POST https://firebasedatabase.googleapis.com/v1beta/projects/coveredcall-4d8ef/locations/us-central1/instances 200
[debug] [2022-08-04T02:38:37.630Z] <<< [apiv2][body] POST https://firebasedatabase.googleapis.com/v1beta/projects/coveredcall-4d8ef/locations/us-central1/instances {"name":"projects/559583776109/locations/us-central1/instances/coveredcall-4d8ef-default-rtdb","project":"projects/559583776109","databaseUrl":"https://coveredcall-4d8ef-default-rtdb.firebaseio.com","type":"DEFAULT_DATABASE","state":"ACTIVE"}
[debug] [2022-08-04T02:38:37.632Z] >>> [apiv2][query] POST https://firebasedatabase.googleapis.com/v1beta/projects/coveredcall-4d8ef/locations/us-central1/instances databaseId=coveredcall-4d8ef-default-rtdb
[debug] [2022-08-04T02:38:37.632Z] >>> [apiv2][body] POST https://firebasedatabase.googleapis.com/v1beta/projects/coveredcall-4d8ef/locations/us-central1/instances {"type":"default_database"}
[debug] [2022-08-04T02:38:38.398Z] <<< [apiv2][status] POST https://firebasedatabase.googleapis.com/v1beta/projects/coveredcall-4d8ef/locations/us-central1/instances 200
[debug] [2022-08-04T02:38:38.398Z] <<< [apiv2][body] POST https://firebasedatabase.googleapis.com/v1beta/projects/coveredcall-4d8ef/locations/us-central1/instances {"name":"projects/559583776109/locations/us-central1/instances/coveredcall-4d8ef-default-rtdb","project":"projects/559583776109","databaseUrl":"https://coveredcall-4d8ef-default-rtdb.firebaseio.com","type":"DEFAULT_DATABASE","state":"ACTIVE"}
[info] 
[info] Firebase Realtime Database Security Rules allow you to define how your data should be
[info] structured and when your data can be read from and written to.
[info] 
[debug] [2022-08-04T02:38:47.347Z] >>> [apiv2][query] GET https://coveredcall-4d8ef-default-rtdb.firebaseio.com/.settings/rules.json [none]
[debug] [2022-08-04T02:38:48.004Z] <<< [apiv2][status] GET https://coveredcall-4d8ef-default-rtdb.firebaseio.com/.settings/rules.json 200
[debug] [2022-08-04T02:38:48.004Z] <<< [apiv2][body] GET https://coveredcall-4d8ef-default-rtdb.firebaseio.com/.settings/rules.json [stream]
[info] +  Database Rules for coveredcall-4d8ef-default-rtdb have been written to database.rules.json. 
[info] Future modifications to database.rules.json will update Realtime Database Security Rules when you run
[info] firebase deploy.
[info] 
=== Hosting Setup
[info] 
[info] Your public directory is the folder (relative to your project directory) that
[info] will contain Hosting assets to be uploaded with firebase deploy. If you
[info] have a build process for your assets, use your build's output directory.
[info] 
[info] +  Wrote public/404.html 
[debug] [2022-08-04T02:39:10.643Z] >>> [apiv2][query] GET https://www.gstatic.com/firebasejs/releases.json [none]
[debug] [2022-08-04T02:39:10.875Z] <<< [apiv2][status] GET https://www.gstatic.com/firebasejs/releases.json 200
[debug] [2022-08-04T02:39:10.875Z] <<< [apiv2][body] GET https://www.gstatic.com/firebasejs/releases.json {"current":{"version":"9.9.1","browserURL":"https://www.gstatic.com/firebasejs/9.9.1/firebase.js","packageURL":"https://www.gstatic.com/firebasejs/9.9.1/firebase.tgz"},"live":{"version":"9.9","browserURL":"https://www.gstatic.com/firebasejs/live/9.9/firebase.js","packageURL":"https://www.gstatic.com/firebasejs/live/9.9/firebase.tgz"},"components":{"analytics":"https://www.gstatic.com/firebasejs/9.9.1/firebase-analytics.js","app":"https://www.gstatic.com/firebasejs/9.9.1/firebase-app.js","app-check":"https://www.gstatic.com/firebasejs/9.9.1/firebase-app-check.js","auth":"https://www.gstatic.com/firebasejs/9.9.1/firebase-auth.js","auth/cordova":"https://www.gstatic.com/firebasejs/9.9.1/firebase-auth/cordova.js","auth/react-native":"https://www.gstatic.com/firebasejs/9.9.1/firebase-auth/react-native.js","functions":"https://www.gstatic.com/firebasejs/9.9.1/firebase-functions.js","firestore":"https://www.gstatic.com/firebasejs/9.9.1/firebase-firestore.js","firestore/lite":"https://www.gstatic.com/firebasejs/9.9.1/firebase-firestore/lite.js","installations":"https://www.gstatic.com/firebasejs/9.9.1/firebase-installations.js","storage":"https://www.gstatic.com/firebasejs/9.9.1/firebase-storage.js","performance":"https://www.gstatic.com/firebasejs/9.9.1/firebase-performance.js","remote-config":"https://www.gstatic.com/firebasejs/9.9.1/firebase-remote-config.js","messaging":"https://www.gstatic.com/firebasejs/9.9.1/firebase-messaging.js","messaging/sw":"https://www.gstatic.com/firebasejs/9.9.1/firebase-messaging/sw.js","database":"https://www.gstatic.com/firebasejs/9.9.1/firebase-database.js","firestore.memory":"https://www.gstatic.com/firebasejs/9.9.1/firebase-firestore.memory.js"}}
[info] +  Wrote public/index.html 
[info] 
[info] i  Didn't detect a .git folder. Assuming C:\Users\lawli\Documents\Takeo BootCamp\firebaseApp\Task-manager-main\Task-manager-main is the project root. 
[info] i  Authorizing with GitHub to upload your service account to a GitHub repository's secrets store. 
[info] 
[info] Visit this URL on this device to log in:
[info] https://github.com/login/oauth/authorize?client_id=89cf50f02ac6aaed3484&state=41319130&redirect_uri=http%3A%2F%2Flocalhost%3A9005&scope=read%3Auser%20repo%20public_repo
[info] 
[info] Waiting for authentication...
